<?xml version="1.0" encoding="UTF-8"?>
<testsuite xmlns:xsi="http://www.w3.org/2001/XMLSchema-instance" xsi:noNamespaceSchemaLocation="https://maven.apache.org/surefire/maven-surefire-plugin/xsd/surefire-test-report.xsd" version="3.0.2" name="GuerraDeTesting_GrupoB.CursoValidationTest" time="0.114" tests="5" errors="0" skipped="0" failures="0">
  <properties>
[...]
</properties>
  <testcase name="registrarCursoRechazaNombresInvalidos(String)[1]" classname="GuerraDeTesting_GrupoB.CursoValidationTest" time="0.081"/>
  <testcase name="registrarCursoRechazaNombresInvalidos(String)[2]" classname="GuerraDeTesting_GrupoB.CursoValidationTest" time="0.001"/>
  <testcase name="constructorCursoRechazaNombreVacio(String)[1]" classname="GuerraDeTesting_GrupoB.CursoValidationTest" time="0.002"/>
  <testcase name="constructorCursoRechazaNombreVacio(String)[2]" classname="GuerraDeTesting_GrupoB.CursoValidationTest" time="0.001"/>
  <testcase name="registrarCursoRechazaRequisitoAutoReferenciado" classname="GuerraDeTesting_GrupoB.CursoValidationTest" time="0.001"/>
</testsuite>